Warning: Using a password on the command line interface can be insecure.
--------------
UPDATE `management`.`Proc`
SET label=`name`, name="Employee Evaluation"
WHERE `name` LIKE "Employee Evaluation%" AND activityDate!='0000-00-00 00:00:00'
--------------

Query OK, 260 rows affected
Rows matched: 260  Changed: 260  Warnings: 0

--------------
UPDATE `management`.`Proc`
SET label = REPLACE (label, 'Employee Evaluation ', '')
WHERE label LIKE 'Employee Evaluation%'
--------------

Query OK, 260 rows affected
Rows matched: 260  Changed: 260  Warnings: 0

--------------
UPDATE `management`.`Proc`
SET label=`name`, name="Project Completion Checklist"
WHERE `name` LIKE "Project Completion Checklist%"
--------------

Query OK, 1 row affected
Rows matched: 1  Changed: 1  Warnings: 0

--------------
UPDATE `management`.`Proc`
SET label = REPLACE (label, 'Project Completion Checklist ', '')
WHERE label LIKE 'Project Completion Checklist%'
--------------

Query OK, 1 row affected
Rows matched: 1  Changed: 1  Warnings: 0

Bye
Warning: Using a password on the command line interface can be insecure.
--------------
UPDATE `management`.`Proc`
SET label=`name`, name="Employee Evaluation"
WHERE `name` LIKE "Employee Evaluation%" AND activityDate!='0000-00-00 00:00:00'
--------------

Query OK, 260 rows affected
Rows matched: 260  Changed: 260  Warnings: 0

--------------
UPDATE `management`.`Proc`
SET label = REPLACE (label, 'Employee Evaluation ', '')
WHERE label LIKE 'Employee Evaluation%'
--------------

Query OK, 260 rows affected
Rows matched: 260  Changed: 260  Warnings: 0

--------------
UPDATE `management`.`Proc`
SET label=`name`, name="Project Completion Checklist"
WHERE `name` LIKE "Project Completion Checklist%"
--------------

Query OK, 1 row affected
Rows matched: 1  Changed: 1  Warnings: 0

--------------
UPDATE `management`.`Proc`
SET label = REPLACE (label, 'Project Completion Checklist ', '')
WHERE label LIKE 'Project Completion Checklist%'
--------------

Query OK, 1 row affected
Rows matched: 1  Changed: 1  Warnings: 0

Bye
Warning: Using a password on the command line interface can be insecure.
--------------
UPDATE `management`.`Proc`
SET label=`name`, name="Employee Evaluation"
WHERE `name` LIKE "Employee Evaluation%" AND activityDate!='0000-00-00 00:00:00'
--------------

Query OK, 260 rows affected
Rows matched: 260  Changed: 260  Warnings: 0

--------------
UPDATE `management`.`Proc`
SET label = REPLACE (label, 'Employee Evaluation ', '')
WHERE label LIKE 'Employee Evaluation%'
--------------

Query OK, 260 rows affected
Rows matched: 260  Changed: 260  Warnings: 0

--------------
UPDATE `management`.`Proc`
SET label=`name`, name="Project Completion Checklist"
WHERE `name` LIKE "Project Completion Checklist%"
--------------

Query OK, 1 row affected
Rows matched: 1  Changed: 1  Warnings: 0

--------------
UPDATE `management`.`Proc`
SET label = REPLACE (label, 'Project Completion Checklist ', '')
WHERE label LIKE 'Project Completion Checklist%'
--------------

Query OK, 1 row affected
Rows matched: 1  Changed: 1  Warnings: 0

Bye
Warning: Using a password on the command line interface can be insecure.
--------------
UPDATE `management`.`Proc`
SET label=`name`, name="Employee Evaluation"
WHERE `name` LIKE "Employee Evaluation%" AND activityDate!='0000-00-00 00:00:00'
--------------

Query OK, 260 rows affected
Rows matched: 260  Changed: 260  Warnings: 0

--------------
UPDATE `management`.`Proc`
SET label = REPLACE (label, 'Employee Evaluation ', '')
WHERE label LIKE 'Employee Evaluation%'
--------------

Query OK, 260 rows affected
Rows matched: 260  Changed: 260  Warnings: 0

--------------
UPDATE `management`.`Proc`
SET label=`name`, name="Project Completion Checklist"
WHERE `name` LIKE "Project Completion Checklist%"
--------------

Query OK, 1 row affected
Rows matched: 1  Changed: 1  Warnings: 0

--------------
UPDATE `management`.`Proc`
SET label = REPLACE (label, 'Project Completion Checklist ', '')
WHERE label LIKE 'Project Completion Checklist%'
--------------

Query OK, 1 row affected
Rows matched: 1  Changed: 1  Warnings: 0

Bye
Warning: Using a password on the command line interface can be insecure.
--------------
UPDATE `management`.`Proc`
SET label=`name`, name="Employee Evaluation"
WHERE `name` LIKE "Employee Evaluation%" AND activityDate!='0000-00-00 00:00:00'
--------------

Query OK, 260 rows affected
Rows matched: 260  Changed: 260  Warnings: 0

--------------
UPDATE `management`.`Proc`
SET label = REPLACE (label, 'Employee Evaluation ', '')
WHERE label LIKE 'Employee Evaluation%'
--------------

Query OK, 260 rows affected
Rows matched: 260  Changed: 260  Warnings: 0

--------------
UPDATE `management`.`Proc`
SET label=`name`, name="Project Completion Checklist"
WHERE `name` LIKE "Project Completion Checklist%"
--------------

Query OK, 1 row affected
Rows matched: 1  Changed: 1  Warnings: 0

--------------
UPDATE `management`.`Proc`
SET label = REPLACE (label, 'Project Completion Checklist ', '')
WHERE label LIKE 'Project Completion Checklist%'
--------------

Query OK, 1 row affected
Rows matched: 1  Changed: 1  Warnings: 0

Bye
Warning: Using a password on the command line interface can be insecure.
--------------
UPDATE `management`.`Proc`
SET label=`name`, name="Employee Evaluation"
WHERE `name` LIKE "Employee Evaluation%" AND activityDate!='0000-00-00 00:00:00'
--------------

Query OK, 260 rows affected
Rows matched: 260  Changed: 260  Warnings: 0

--------------
UPDATE `management`.`Proc`
SET label = REPLACE (label, 'Employee Evaluation ', '')
WHERE label LIKE 'Employee Evaluation%'
--------------

Query OK, 260 rows affected
Rows matched: 260  Changed: 260  Warnings: 0

--------------
UPDATE `management`.`Proc`
SET label=`name`, name="Project Completion Checklist"
WHERE `name` LIKE "Project Completion Checklist%"
--------------

Query OK, 1 row affected
Rows matched: 1  Changed: 1  Warnings: 0

--------------
UPDATE `management`.`Proc`
SET label = REPLACE (label, 'Project Completion Checklist ', '')
WHERE label LIKE 'Project Completion Checklist%'
--------------

Query OK, 1 row affected
Rows matched: 1  Changed: 1  Warnings: 0

Bye
Warning: Using a password on the command line interface can be insecure.
--------------
UPDATE `management`.`Proc`
SET label=`name`, name="Employee Evaluation"
WHERE `name` LIKE "Employee Evaluation%" AND activityDate!='0000-00-00 00:00:00'
--------------

Query OK, 260 rows affected
Rows matched: 260  Changed: 260  Warnings: 0

--------------
UPDATE `management`.`Proc`
SET label = REPLACE (label, 'Employee Evaluation ', '')
WHERE label LIKE 'Employee Evaluation%'
--------------

Query OK, 260 rows affected
Rows matched: 260  Changed: 260  Warnings: 0

--------------
UPDATE `management`.`Proc`
SET label=`name`, name="Project Completion Checklist"
WHERE `name` LIKE "Project Completion Checklist%"
--------------

Query OK, 1 row affected
Rows matched: 1  Changed: 1  Warnings: 0

--------------
UPDATE `management`.`Proc`
SET label = REPLACE (label, 'Project Completion Checklist ', '')
WHERE label LIKE 'Project Completion Checklist%'
--------------

Query OK, 1 row affected
Rows matched: 1  Changed: 1  Warnings: 0

Bye
Warning: Using a password on the command line interface can be insecure.
--------------
UPDATE `management`.`Proc`
SET label=`name`, name="Employee Evaluation"
WHERE `name` LIKE "Employee Evaluation%" AND activityDate!='0000-00-00 00:00:00'
--------------

Query OK, 260 rows affected
Rows matched: 260  Changed: 260  Warnings: 0

--------------
UPDATE `management`.`Proc`
SET label = REPLACE (label, 'Employee Evaluation ', '')
WHERE label LIKE 'Employee Evaluation%'
--------------

Query OK, 260 rows affected
Rows matched: 260  Changed: 260  Warnings: 0

--------------
UPDATE `management`.`Proc`
SET label=`name`, name="Project Completion Checklist"
WHERE `name` LIKE "Project Completion Checklist%"
--------------

Query OK, 1 row affected
Rows matched: 1  Changed: 1  Warnings: 0

--------------
UPDATE `management`.`Proc`
SET label = REPLACE (label, 'Project Completion Checklist ', '')
WHERE label LIKE 'Project Completion Checklist%'
--------------

Query OK, 1 row affected
Rows matched: 1  Changed: 1  Warnings: 0

Bye
Warning: Using a password on the command line interface can be insecure.
--------------
UPDATE `management`.`Proc`
SET label=`name`, name="Employee Evaluation"
WHERE `name` LIKE "Employee Evaluation%" AND activityDate!='0000-00-00 00:00:00'
--------------

Query OK, 260 rows affected
Rows matched: 260  Changed: 260  Warnings: 0

--------------
UPDATE `management`.`Proc`
SET label = REPLACE (label, 'Employee Evaluation ', '')
WHERE label LIKE 'Employee Evaluation%'
--------------

Query OK, 260 rows affected
Rows matched: 260  Changed: 260  Warnings: 0

--------------
UPDATE `management`.`Proc`
SET label=`name`, name="Project Completion Checklist"
WHERE `name` LIKE "Project Completion Checklist%"
--------------

Query OK, 1 row affected
Rows matched: 1  Changed: 1  Warnings: 0

--------------
UPDATE `management`.`Proc`
SET label = REPLACE (label, 'Project Completion Checklist ', '')
WHERE label LIKE 'Project Completion Checklist%'
--------------

Query OK, 1 row affected
Rows matched: 1  Changed: 1  Warnings: 0

Bye
Warning: Using a password on the command line interface can be insecure.
--------------
UPDATE `management`.`Proc`
SET label=`name`, name="Employee Evaluation"
WHERE `name` LIKE "Employee Evaluation%" AND activityDate!='0000-00-00 00:00:00'
--------------

Query OK, 260 rows affected
Rows matched: 260  Changed: 260  Warnings: 0

--------------
UPDATE `management`.`Proc`
SET label = REPLACE (label, 'Employee Evaluation ', '')
WHERE label LIKE 'Employee Evaluation%'
--------------

Query OK, 260 rows affected
Rows matched: 260  Changed: 260  Warnings: 0

--------------
UPDATE `management`.`Proc`
SET label=`name`, name="Project Completion Checklist"
WHERE `name` LIKE "Project Completion Checklist%"
--------------

Query OK, 1 row affected
Rows matched: 1  Changed: 1  Warnings: 0

--------------
UPDATE `management`.`Proc`
SET label = REPLACE (label, 'Project Completion Checklist ', '')
WHERE label LIKE 'Project Completion Checklist%'
--------------

Query OK, 1 row affected
Rows matched: 1  Changed: 1  Warnings: 0

Bye
Warning: Using a password on the command line interface can be insecure.
--------------
UPDATE `management`.`Proc`
SET label=`name`, name="Employee Evaluation"
WHERE `name` LIKE "Employee Evaluation%" AND activityDate!='0000-00-00 00:00:00'
--------------

Query OK, 260 rows affected
Rows matched: 260  Changed: 260  Warnings: 0

--------------
UPDATE `management`.`Proc`
SET label = REPLACE (label, 'Employee Evaluation ', '')
WHERE label LIKE 'Employee Evaluation%'
--------------

Query OK, 260 rows affected
Rows matched: 260  Changed: 260  Warnings: 0

--------------
UPDATE `management`.`Proc`
SET label=`name`, name="Project Completion Checklist"
WHERE `name` LIKE "Project Completion Checklist%"
--------------

Query OK, 1 row affected
Rows matched: 1  Changed: 1  Warnings: 0

--------------
UPDATE `management`.`Proc`
SET label = REPLACE (label, 'Project Completion Checklist ', '')
WHERE label LIKE 'Project Completion Checklist%'
--------------

Query OK, 1 row affected
Rows matched: 1  Changed: 1  Warnings: 0

Bye
Warning: Using a password on the command line interface can be insecure.
--------------
UPDATE `management`.`Proc`
SET label=`name`, name="Employee Evaluation"
WHERE `name` LIKE "Employee Evaluation%" AND activityDate!='0000-00-00 00:00:00'
--------------

Query OK, 260 rows affected
Rows matched: 260  Changed: 260  Warnings: 0

--------------
UPDATE `management`.`Proc`
SET label = REPLACE (label, 'Employee Evaluation ', '')
WHERE label LIKE 'Employee Evaluation%'
--------------

Query OK, 260 rows affected
Rows matched: 260  Changed: 260  Warnings: 0

--------------
UPDATE `management`.`Proc`
SET label=`name`, name="Project Completion Checklist"
WHERE `name` LIKE "Project Completion Checklist%"
--------------

Query OK, 1 row affected
Rows matched: 1  Changed: 1  Warnings: 0

--------------
UPDATE `management`.`Proc`
SET label = REPLACE (label, 'Project Completion Checklist ', '')
WHERE label LIKE 'Project Completion Checklist%'
--------------

Query OK, 1 row affected
Rows matched: 1  Changed: 1  Warnings: 0

Bye
Warning: Using a password on the command line interface can be insecure.
--------------
UPDATE `management`.`Proc`
SET label=`name`, name="Employee Evaluation"
WHERE `name` LIKE "Employee Evaluation%" AND activityDate!='0000-00-00 00:00:00'
--------------

Query OK, 260 rows affected
Rows matched: 260  Changed: 260  Warnings: 0

--------------
UPDATE `management`.`Proc`
SET label = REPLACE (label, 'Employee Evaluation ', '')
WHERE label LIKE 'Employee Evaluation%'
--------------

Query OK, 260 rows affected
Rows matched: 260  Changed: 260  Warnings: 0

--------------
UPDATE `management`.`Proc`
SET label=`name`, name="Project Completion Checklist"
WHERE `name` LIKE "Project Completion Checklist%"
--------------

Query OK, 1 row affected
Rows matched: 1  Changed: 1  Warnings: 0

--------------
UPDATE `management`.`Proc`
SET label = REPLACE (label, 'Project Completion Checklist ', '')
WHERE label LIKE 'Project Completion Checklist%'
--------------

Query OK, 1 row affected
Rows matched: 1  Changed: 1  Warnings: 0

Bye
Warning: Using a password on the command line interface can be insecure.
--------------
UPDATE `management`.`Proc`
SET label=`name`, name="Employee Evaluation"
WHERE `name` LIKE "Employee Evaluation%" AND activityDate!='0000-00-00 00:00:00'
--------------

Query OK, 260 rows affected
Rows matched: 260  Changed: 260  Warnings: 0

--------------
UPDATE `management`.`Proc`
SET label = REPLACE (label, 'Employee Evaluation ', '')
WHERE label LIKE 'Employee Evaluation%'
--------------

Query OK, 260 rows affected
Rows matched: 260  Changed: 260  Warnings: 0

--------------
UPDATE `management`.`Proc`
SET label=`name`, name="Project Completion Checklist"
WHERE `name` LIKE "Project Completion Checklist%"
--------------

Query OK, 1 row affected
Rows matched: 1  Changed: 1  Warnings: 0

--------------
UPDATE `management`.`Proc`
SET label = REPLACE (label, 'Project Completion Checklist ', '')
WHERE label LIKE 'Project Completion Checklist%'
--------------

Query OK, 1 row affected
Rows matched: 1  Changed: 1  Warnings: 0

Bye
Warning: Using a password on the command line interface can be insecure.
--------------
UPDATE `management`.`Proc`
SET label=`name`, name="Employee Evaluation"
WHERE `name` LIKE "Employee Evaluation%" AND activityDate!='0000-00-00 00:00:00'
--------------

Query OK, 260 rows affected
Rows matched: 260  Changed: 260  Warnings: 0

--------------
UPDATE `management`.`Proc`
SET label = REPLACE (label, 'Employee Evaluation ', '')
WHERE label LIKE 'Employee Evaluation%'
--------------

Query OK, 260 rows affected
Rows matched: 260  Changed: 260  Warnings: 0

--------------
UPDATE `management`.`Proc`
SET label=`name`, name="Project Completion Checklist"
WHERE `name` LIKE "Project Completion Checklist%"
--------------

Query OK, 1 row affected
Rows matched: 1  Changed: 1  Warnings: 0

--------------
UPDATE `management`.`Proc`
SET label = REPLACE (label, 'Project Completion Checklist ', '')
WHERE label LIKE 'Project Completion Checklist%'
--------------

Query OK, 1 row affected
Rows matched: 1  Changed: 1  Warnings: 0

Bye
Warning: Using a password on the command line interface can be insecure.
--------------
UPDATE `management`.`Proc`
SET label=`name`, name="Employee Evaluation"
WHERE `name` LIKE "Employee Evaluation%" AND activityDate!='0000-00-00 00:00:00'
--------------

Query OK, 260 rows affected
Rows matched: 260  Changed: 260  Warnings: 0

--------------
UPDATE `management`.`Proc`
SET label = REPLACE (label, 'Employee Evaluation ', '')
WHERE label LIKE 'Employee Evaluation%'
--------------

Query OK, 260 rows affected
Rows matched: 260  Changed: 260  Warnings: 0

--------------
UPDATE `management`.`Proc`
SET label=`name`, name="Project Completion Checklist"
WHERE `name` LIKE "Project Completion Checklist%"
--------------

Query OK, 1 row affected
Rows matched: 1  Changed: 1  Warnings: 0

--------------
UPDATE `management`.`Proc`
SET label = REPLACE (label, 'Project Completion Checklist ', '')
WHERE label LIKE 'Project Completion Checklist%'
--------------

Query OK, 1 row affected
Rows matched: 1  Changed: 1  Warnings: 0

Bye
Warning: Using a password on the command line interface can be insecure.
--------------
UPDATE `management`.`Proc`
SET label=`name`, name="Employee Evaluation"
WHERE `name` LIKE "Employee Evaluation%" AND activityDate!='0000-00-00 00:00:00'
--------------

Query OK, 260 rows affected
Rows matched: 260  Changed: 260  Warnings: 0

--------------
UPDATE `management`.`Proc`
SET label = REPLACE (label, 'Employee Evaluation ', '')
WHERE label LIKE 'Employee Evaluation%'
--------------

Query OK, 260 rows affected
Rows matched: 260  Changed: 260  Warnings: 0

--------------
UPDATE `management`.`Proc`
SET label=`name`, name="Project Completion Checklist"
WHERE `name` LIKE "Project Completion Checklist%"
--------------

Query OK, 1 row affected
Rows matched: 1  Changed: 1  Warnings: 0

--------------
UPDATE `management`.`Proc`
SET label = REPLACE (label, 'Project Completion Checklist ', '')
WHERE label LIKE 'Project Completion Checklist%'
--------------

Query OK, 1 row affected
Rows matched: 1  Changed: 1  Warnings: 0

Bye
Warning: Using a password on the command line interface can be insecure.
--------------
UPDATE `management`.`Proc`
SET label=`name`, name="Employee Evaluation"
WHERE `name` LIKE "Employee Evaluation%" AND activityDate!='0000-00-00 00:00:00'
--------------

Query OK, 260 rows affected
Rows matched: 260  Changed: 260  Warnings: 0

--------------
UPDATE `management`.`Proc`
SET label = REPLACE (label, 'Employee Evaluation ', '')
WHERE label LIKE 'Employee Evaluation%'
--------------

Query OK, 260 rows affected
Rows matched: 260  Changed: 260  Warnings: 0

--------------
UPDATE `management`.`Proc`
SET label=`name`, name="Project Completion Checklist"
WHERE `name` LIKE "Project Completion Checklist%"
--------------

Query OK, 1 row affected
Rows matched: 1  Changed: 1  Warnings: 0

--------------
UPDATE `management`.`Proc`
SET label = REPLACE (label, 'Project Completion Checklist ', '')
WHERE label LIKE 'Project Completion Checklist%'
--------------

Query OK, 1 row affected
Rows matched: 1  Changed: 1  Warnings: 0

Bye
