mysql: [Warning] Using a password on the command line interface can be insecure.
--------------
CREATE DATABASE IF NOT EXISTS web
--------------

Query OK, 1 row affected, 1 warning

--------------
SET foreign_key_checks = 0
--------------

Query OK, 0 rows affected

--------------
DROP TABLE IF EXISTS `Account`
--------------

Query OK, 0 rows affected, 1 warning

--------------
SET foreign_key_checks = 1
--------------

Query OK, 0 rows affected

--------------
CREATE TABLE `Account` (
  `idAccount` int(11) NOT NULL AUTO_INCREMENT,
  `guid` varchar(1024) NOT NULL,
  `name` varchar(1024) NULL,
  `identification` varchar(1024) NOT NULL,
  PRIMARY KEY (`idAccount`)
)
--------------

Query OK, 0 rows affected

--------------
SET foreign_key_checks = 0
--------------

Query OK, 0 rows affected

--------------
DROP TABLE IF EXISTS `User`
--------------

Query OK, 0 rows affected, 1 warning

--------------
SET foreign_key_checks = 1
--------------

Query OK, 0 rows affected

--------------
CREATE TABLE `User` (
    `idUser` int NOT NULL AUTO_INCREMENT,
    `idAccount` int NOT NULL,
    `name` varchar(64) NOT NULL,
    `password` varchar(64) NOT NULL,
    `registerDate` datetime NOT NULL,
    `activityDate` datetime NOT NULL,
    `login` int DEFAULT 1,
    `role` varchar(64) NOT NULL,
    PRIMARY KEY (`idUser`),
    FOREIGN KEY (`idAccount`) REFERENCES `Account`(`idAccount`)
) ENGINE=InnoDB AUTO_INCREMENT=1 DEFAULT CHARSET=latin1
--------------

Query OK, 0 rows affected

--------------
SET foreign_key_checks = 0
--------------

Query OK, 0 rows affected

--------------
SET foreign_key_checks = 0
--------------

Query OK, 0 rows affected

--------------
DROP TABLE IF EXISTS `Client`
--------------

Query OK, 0 rows affected, 1 warning

--------------
SET foreign_key_checks = 1
--------------

Query OK, 0 rows affected

--------------
CREATE TABLE `Client` (
    `idClient` int NOT NULL AUTO_INCREMENT,
    `idAccount` int NOT NULL,
    `identification` varchar(1024) NOT NULL,
    `name` varchar(64) NOT NULL,
    `secret` varchar(64) NOT NULL,
    `registerDate` datetime NOT NULL,
    `activityDate` datetime NOT NULL,
    `login` int DEFAULT 1,
    PRIMARY KEY (`idClient`),
    FOREIGN KEY (`idAccount`) REFERENCES `Account`(`idAccount`)
) ENGINE=InnoDB AUTO_INCREMENT=1 DEFAULT CHARSET=latin1
--------------

Query OK, 0 rows affected

--------------
SET foreign_key_checks = 0
--------------

Query OK, 0 rows affected

--------------
SET foreign_key_checks = 0
--------------

Query OK, 0 rows affected

--------------
DROP TABLE IF EXISTS `Code`
--------------

Query OK, 0 rows affected, 1 warning

--------------
SET foreign_key_checks = 1
--------------

Query OK, 0 rows affected

--------------
CREATE TABLE `Code` (
    `idCode` int NOT NULL AUTO_INCREMENT,
    `idAccount` int NOT NULL,
    `redirectURI` VARCHAR(1024) DEFAULT NULL,
    `value` VARCHAR(1024) DEFAULT NULL,
    `idUser` int NOT NULL,
    `idClient` int NOT NULL,
    PRIMARY KEY (`idCode`),
    FOREIGN KEY (`idAccount`) REFERENCES `Account`(`idAccount`),
    FOREIGN KEY (`idUser`) REFERENCES `User`(`idUser`),
    FOREIGN KEY (`idClient`) REFERENCES `Client`(`idClient`)
) ENGINE=InnoDB AUTO_INCREMENT=1 DEFAULT CHARSET=latin1
--------------

Query OK, 0 rows affected

--------------
SET foreign_key_checks = 0
--------------

Query OK, 0 rows affected

--------------
SET foreign_key_checks = 0
--------------

Query OK, 0 rows affected

--------------
DROP TABLE IF EXISTS `Email`
--------------

Query OK, 0 rows affected, 1 warning

--------------
SET foreign_key_checks = 1
--------------

Query OK, 0 rows affected

--------------
CREATE TABLE `Email` (
    `idEmail` int NOT NULL AUTO_INCREMENT,
    `address` varchar(32) DEFAULT NULL,
    `idUser` int NOT NULL,
    `idAccount` int NOT NULL,
    PRIMARY KEY (`idEmail`),
    FOREIGN KEY (`idUser`) REFERENCES `User`(`idUser`),
        FOREIGN KEY (`idAccount`) REFERENCES `Account`(`idAccount`)
)
--------------

Query OK, 0 rows affected

--------------
SET foreign_key_checks = 0
--------------

Query OK, 0 rows affected

--------------
DROP TABLE IF EXISTS `Identification`
--------------

Query OK, 0 rows affected, 1 warning

--------------
SET foreign_key_checks = 1
--------------

Query OK, 0 rows affected

--------------
CREATE TABLE `Identification` (
    `idIdentification` int NOT NULL AUTO_INCREMENT,
    `firstName` varchar(64) DEFAULT NULL,
    `middleInitial` varchar(1) DEFAULT NULL,
    `middleName` varchar(64) DEFAULT NULL,
    `lastName` varchar(64) DEFAULT NULL,
    `name` varchar(256) DEFAULT NULL,
    `guid` varchar (128) DEFAULT NULL,
    `nickName` varchar(128) DEFAULT NULL,
    `sex` varchar(1) DEFAULT '0',
    `birthDate` datetime DEFAULT NULL,
    `idUser` int NOT NULL,
    `idAccount` int NOT NULL,
    PRIMARY KEY (`idIdentification`),
    FOREIGN KEY (`idUser`) REFERENCES `User`(`idUser`),
    FOREIGN KEY (`idAccount`) REFERENCES `Account` (`idAccount`)
)
--------------

Query OK, 0 rows affected

--------------
SET foreign_key_checks = 0
--------------

Query OK, 0 rows affected

--------------
DROP TABLE IF EXISTS `Location`
--------------

Query OK, 0 rows affected, 1 warning

--------------
SET foreign_key_checks = 1
--------------

Query OK, 0 rows affected

--------------
CREATE TABLE `Location` (
    `idLocation` int NOT NULL AUTO_INCREMENT,
    `address` varchar(45) DEFAULT NULL,
    `apartment` varchar(45) DEFAULT NULL,
    `suite` varchar(45) DEFAULT NULL,
    `unit` varchar(45) DEFAULT NULL,
    `city` varchar(45) DEFAULT NULL,
    `state` varchar(45) DEFAULT NULL,
    `zipCode` varchar(45) DEFAULT NULL,
    `idUser` int NOT NULL,
        `idAccount` int NOT NULL,
    PRIMARY KEY (`idLocation`),
    FOREIGN KEY (`idUser`) REFERENCES `User`(`idUser`),
    FOREIGN KEY (`idAccount`) REFERENCES `Account`(`idAccount`)
)
--------------

Query OK, 0 rows affected

--------------
SET foreign_key_checks = 0
--------------

Query OK, 0 rows affected

--------------
DROP TABLE IF EXISTS `Organization`
--------------

Query OK, 0 rows affected, 1 warning

--------------
SET foreign_key_checks = 1
--------------

Query OK, 0 rows affected

--------------
CREATE TABLE `Organization` (
    `idOrganization` int NOT NULL AUTO_INCREMENT,
    `idAccount` int NOT NULL,
    `name` varchar(128) NULL, 
    `createDate` datetime NOT NULL,
    `activityDate` datetime NULL,
    PRIMARY KEY (`idOrganization`),
    FOREIGN KEY (`idAccount`) REFERENCES `Account` (`idAccount`)
)
--------------

Query OK, 0 rows affected

--------------
SET foreign_key_checks = 0
--------------

Query OK, 0 rows affected

--------------
DROP TABLE IF EXISTS `Phone`
--------------

Query OK, 0 rows affected, 1 warning

--------------
SET foreign_key_checks = 1
--------------

Query OK, 0 rows affected

--------------
CREATE TABLE `Phone` (
    `idPhone` int NOT NULL AUTO_INCREMENT,
    `number` varchar(32) DEFAULT NULL,
    `idUser` int NOT NULL,
        `idAccount` int NOT NULL,
    PRIMARY KEY (`idPhone`),
    FOREIGN KEY (`idUser`) REFERENCES `User`(`idUser`),
        FOREIGN KEY (`idAccount`) REFERENCES `Account` (`idAccount`)
)
--------------

Query OK, 0 rows affected

--------------
SET foreign_key_checks = 0
--------------

Query OK, 0 rows affected

--------------
DROP TABLE IF EXISTS `Token`
--------------

Query OK, 0 rows affected, 1 warning

--------------
SET foreign_key_checks = 1
--------------

Query OK, 0 rows affected

--------------
CREATE TABLE `Token` (
    `idToken` int NOT NULL AUTO_INCREMENT,
    `idAccount` int NOT NULL,
    `idUser` int NOT NULL,
    `idClient` int NOT NULL,
    `value` varchar(1024) DEFAULT NULL,
    PRIMARY KEY (`idToken`),
    FOREIGN KEY (`idAccount`) REFERENCES `Account`(`idAccount`),
    FOREIGN KEY (`idUser`) REFERENCES `User`(`idUser`),
    FOREIGN KEY (`idClient`) REFERENCES `Client`(`idClient`)
) ENGINE=InnoDB AUTO_INCREMENT=1 DEFAULT CHARSET=latin1
--------------

Query OK, 0 rows affected

--------------
SET foreign_key_checks = 0
--------------

Query OK, 0 rows affected

Bye
